
> react-kavia@0.1.0 start
> react-scripts start

(node:3852) [DEP_WEBPACK_DEV_SERVER_ON_AFTER_SETUP_MIDDLEWARE] DeprecationWarning: 'onAfterSetupMiddleware' option is deprecated. Please use the 'setupMiddlewares' option.
(Use `node --trace-deprecation ...` to show where the warning was created)
(node:3852) [DEP_WEBPACK_DEV_SERVER_ON_BEFORE_SETUP_MIDDLEWARE] DeprecationWarning: 'onBeforeSetupMiddleware' option is deprecated. Please use the 'setupMiddlewares' option.
Starting the development server...

Compiled successfully!

You can now view react-kavia in the browser.

  Local:            http://localhost:3000
  On Your Network:  http://172.17.0.2:3000

Note that the development build is not optimized.
To create a production build, use npm run build.

webpack compiled successfully
Compiling...
Compiled with warnings.

[eslint] 
src/MainContainer.js
  Line 13:10:   'RetroCarEqualizer' is defined but never used                                                                                                                                                                                                                    no-unused-vars
  Line 18:9:    'bgColor' is assigned a value but never used                                                                                                                                                                                                                     no-unused-vars
  Line 306:36:  The ref value 'audioRef.current' will likely have changed by the time this effect cleanup function runs. If this ref points to a node rendered by React, copy 'audioRef.current' to a variable inside the effect, and use that variable in the cleanup function  react-hooks/exhaustive-deps
  Line 330:6:   React Hook useEffect has a missing dependency: 'handleTrackEnd'. Either include it or remove the dependency array                                                                                                                                                react-hooks/exhaustive-deps

Search for the keywords to learn more about each warning.
To ignore, add // eslint-disable-next-line to the line before.

WARNING in [eslint] 
src/MainContainer.js
  Line 13:10:   'RetroCarEqualizer' is defined but never used                                                                                                                                                                                                                    no-unused-vars
  Line 18:9:    'bgColor' is assigned a value but never used                                                                                                                                                                                                                     no-unused-vars
  Line 306:36:  The ref value 'audioRef.current' will likely have changed by the time this effect cleanup function runs. If this ref points to a node rendered by React, copy 'audioRef.current' to a variable inside the effect, and use that variable in the cleanup function  react-hooks/exhaustive-deps
  Line 330:6:   React Hook useEffect has a missing dependency: 'handleTrackEnd'. Either include it or remove the dependency array                                                                                                                                                react-hooks/exhaustive-deps

webpack compiled with 1 warning
Compiling...
Compiled with warnings.

[eslint] 
src/MainContainer.js
  Line 13:10:   'RetroCarEqualizer' is defined but never used                                                                                                                                                                                                                    no-unused-vars
  Line 18:9:    'bgColor' is assigned a value but never used                                                                                                                                                                                                                     no-unused-vars
  Line 258:19:  'setEqBands' is assigned a value but never used                                                                                                                                                                                                                  no-unused-vars
  Line 260:10:  'showEqPopup' is assigned a value but never used                                                                                                                                                                                                                 no-unused-vars
  Line 288:39:  'filters' is defined but never used                                                                                                                                                                                                                              no-unused-vars
  Line 430:36:  The ref value 'audioRef.current' will likely have changed by the time this effect cleanup function runs. If this ref points to a node rendered by React, copy 'audioRef.current' to a variable inside the effect, and use that variable in the cleanup function  react-hooks/exhaustive-deps
  Line 459:6:   React Hook useEffect has a missing dependency: 'handleTrackEnd'. Either include it or remove the dependency array                                                                                                                                                react-hooks/exhaustive-deps
  Line 533:9:   'handleShowEq' is assigned a value but never used                                                                                                                                                                                                                no-unused-vars
  Line 534:9:   'handleHideEq' is assigned a value but never used                                                                                                                                                                                                                no-unused-vars

Search for the keywords to learn more about each warning.
To ignore, add // eslint-disable-next-line to the line before.

WARNING in [eslint] 
src/MainContainer.js
  Line 13:10:   'RetroCarEqualizer' is defined but never used                                                                                                                                                                                                                    no-unused-vars
  Line 18:9:    'bgColor' is assigned a value but never used                                                                                                                                                                                                                     no-unused-vars
  Line 258:19:  'setEqBands' is assigned a value but never used                                                                                                                                                                                                                  no-unused-vars
  Line 260:10:  'showEqPopup' is assigned a value but never used                                                                                                                                                                                                                 no-unused-vars
  Line 288:39:  'filters' is defined but never used                                                                                                                                                                                                                              no-unused-vars
  Line 430:36:  The ref value 'audioRef.current' will likely have changed by the time this effect cleanup function runs. If this ref points to a node rendered by React, copy 'audioRef.current' to a variable inside the effect, and use that variable in the cleanup function  react-hooks/exhaustive-deps
  Line 459:6:   React Hook useEffect has a missing dependency: 'handleTrackEnd'. Either include it or remove the dependency array                                                                                                                                                react-hooks/exhaustive-deps
  Line 533:9:   'handleShowEq' is assigned a value but never used                                                                                                                                                                                                                no-unused-vars
  Line 534:9:   'handleHideEq' is assigned a value but never used                                                                                                                                                                                                                no-unused-vars

webpack compiled with 1 warning
Compiling...
Compiled with warnings.

[eslint] 
src/MainContainer.js
  Line 13:10:   'RetroCarEqualizer' is defined but never used                                                                                                                                                                                                                    no-unused-vars
  Line 18:9:    'bgColor' is assigned a value but never used                                                                                                                                                                                                                     no-unused-vars
  Line 258:19:  'setEqBands' is assigned a value but never used                                                                                                                                                                                                                  no-unused-vars
  Line 260:10:  'showEqPopup' is assigned a value but never used                                                                                                                                                                                                                 no-unused-vars
  Line 288:39:  'filters' is defined but never used                                                                                                                                                                                                                              no-unused-vars
  Line 430:36:  The ref value 'audioRef.current' will likely have changed by the time this effect cleanup function runs. If this ref points to a node rendered by React, copy 'audioRef.current' to a variable inside the effect, and use that variable in the cleanup function  react-hooks/exhaustive-deps
  Line 459:6:   React Hook useEffect has a missing dependency: 'handleTrackEnd'. Either include it or remove the dependency array                                                                                                                                                react-hooks/exhaustive-deps
  Line 534:9:   'handleHideEq' is assigned a value but never used                                                                                                                                                                                                                no-unused-vars

Search for the keywords to learn more about each warning.
To ignore, add // eslint-disable-next-line to the line before.

WARNING in [eslint] 
src/MainContainer.js
  Line 13:10:   'RetroCarEqualizer' is defined but never used                                                                                                                                                                                                                    no-unused-vars
  Line 18:9:    'bgColor' is assigned a value but never used                                                                                                                                                                                                                     no-unused-vars
  Line 258:19:  'setEqBands' is assigned a value but never used                                                                                                                                                                                                                  no-unused-vars
  Line 260:10:  'showEqPopup' is assigned a value but never used                                                                                                                                                                                                                 no-unused-vars
  Line 288:39:  'filters' is defined but never used                                                                                                                                                                                                                              no-unused-vars
  Line 430:36:  The ref value 'audioRef.current' will likely have changed by the time this effect cleanup function runs. If this ref points to a node rendered by React, copy 'audioRef.current' to a variable inside the effect, and use that variable in the cleanup function  react-hooks/exhaustive-deps
  Line 459:6:   React Hook useEffect has a missing dependency: 'handleTrackEnd'. Either include it or remove the dependency array                                                                                                                                                react-hooks/exhaustive-deps
  Line 534:9:   'handleHideEq' is assigned a value but never used                                                                                                                                                                                                                no-unused-vars

webpack compiled with 1 warning
Compiling...
Compiled with warnings.

[eslint] 
src/MainContainer.js
  Line 13:10:   'RetroCarEqualizer' is defined but never used                                                                                                                                                                                                                    no-unused-vars
  Line 18:9:    'bgColor' is assigned a value but never used                                                                                                                                                                                                                     no-unused-vars
  Line 258:19:  'setEqBands' is assigned a value but never used                                                                                                                                                                                                                  no-unused-vars
  Line 260:10:  'showEqPopup' is assigned a value but never used                                                                                                                                                                                                                 no-unused-vars
  Line 288:39:  'filters' is defined but never used                                                                                                                                                                                                                              no-unused-vars
  Line 430:36:  The ref value 'audioRef.current' will likely have changed by the time this effect cleanup function runs. If this ref points to a node rendered by React, copy 'audioRef.current' to a variable inside the effect, and use that variable in the cleanup function  react-hooks/exhaustive-deps
  Line 459:6:   React Hook useEffect has a missing dependency: 'handleTrackEnd'. Either include it or remove the dependency array                                                                                                                                                react-hooks/exhaustive-deps
  Line 534:9:   'handleHideEq' is assigned a value but never used                                                                                                                                                                                                                no-unused-vars

Search for the keywords to learn more about each warning.
To ignore, add // eslint-disable-next-line to the line before.

WARNING in [eslint] 
src/MainContainer.js
  Line 13:10:   'RetroCarEqualizer' is defined but never used                                                                                                                                                                                                                    no-unused-vars
  Line 18:9:    'bgColor' is assigned a value but never used                                                                                                                                                                                                                     no-unused-vars
  Line 258:19:  'setEqBands' is assigned a value but never used                                                                                                                                                                                                                  no-unused-vars
  Line 260:10:  'showEqPopup' is assigned a value but never used                                                                                                                                                                                                                 no-unused-vars
  Line 288:39:  'filters' is defined but never used                                                                                                                                                                                                                              no-unused-vars
  Line 430:36:  The ref value 'audioRef.current' will likely have changed by the time this effect cleanup function runs. If this ref points to a node rendered by React, copy 'audioRef.current' to a variable inside the effect, and use that variable in the cleanup function  react-hooks/exhaustive-deps
  Line 459:6:   React Hook useEffect has a missing dependency: 'handleTrackEnd'. Either include it or remove the dependency array                                                                                                                                                react-hooks/exhaustive-deps
  Line 534:9:   'handleHideEq' is assigned a value but never used                                                                                                                                                                                                                no-unused-vars

webpack compiled with 1 warning
